Build started 5/13/2016 5:40:28 PM.
     1>Project "C:\Users\zethr\Desktop\quake2-tutorials\game\game.vcxproj" on node 2 (build target(s)).
     1>InitializeBuildStatus:
         Creating ".\release\game.unsuccessfulbuild" because "AlwaysCreate" was specified.
       ClCompile:
         c:\Program Files (x86)\Microsoft Visual Studio 10.0\VC\bin\CL.exe /c /Z7 /nologo /W4 /WX- /O2 /Ob1 /Oy- /D WIN32 /D NDEBUG /D _WINDOWS /D _VC80_UPGRADE=0x0600 /D _WINDLL /GF /Gm- /EHsc /MT /GS /Gy /fp:precise /Zc:wchar_t /Zc:forScope /Fo".\release\\" /Fd".\release\vc100.pdb" /Gd /TC /analyze- /errorReport:prompt g_ai.c g_chase.c g_cmds.c g_combat.c g_func.c g_items.c g_main.c g_misc.c g_monster.c g_phys.c g_save.c g_spawn.c g_svcmds.c g_target.c g_trigger.c g_turret.c g_utils.c g_weapon.c m_actor.c m_berserk.c m_boss2.c m_boss3.c m_boss31.c m_boss32.c m_brain.c m_chick.c m_flipper.c m_float.c m_flyer.c m_gladiator.c m_gunner.c m_hover.c m_infantry.c m_insane.c m_medic.c m_move.c m_mutant.c m_parasite.c m_soldier.c m_supertank.c m_tank.c p_client.c p_hud.c p_trail.c p_view.c p_weapon.c
         g_ai.c
     1>c:\users\zethr\desktop\quake2-tutorials\game\g_local.h(875): error C2032: 'GetWeaponIndex' : function cannot be member of struct '<unnamed-tag>'
     1>g_ai.c(61): warning C4127: conditional expression is constant
         g_chase.c
     1>c:\users\zethr\desktop\quake2-tutorials\game\g_local.h(875): error C2032: 'GetWeaponIndex' : function cannot be member of struct '<unnamed-tag>'
         g_cmds.c
     1>c:\users\zethr\desktop\quake2-tutorials\game\g_local.h(875): error C2032: 'GetWeaponIndex' : function cannot be member of struct '<unnamed-tag>'
     1>g_cmds.c(34): warning C4996: 'strcpy': This function or variable may be unsafe. Consider using strcpy_s instead. To disable deprecation, use _CRT_SECURE_NO_WARNINGS. See online help for details.
     1>g_cmds.c(57): warning C4996: 'strcpy': This function or variable may be unsafe. Consider using strcpy_s instead. To disable deprecation, use _CRT_SECURE_NO_WARNINGS. See online help for details.
     1>g_cmds.c(58): warning C4996: 'strcpy': This function or variable may be unsafe. Consider using strcpy_s instead. To disable deprecation, use _CRT_SECURE_NO_WARNINGS. See online help for details.
     1>g_cmds.c(722): warning C4996: 'strcat': This function or variable may be unsafe. Consider using strcat_s instead. To disable deprecation, use _CRT_SECURE_NO_WARNINGS. See online help for details.
     1>g_cmds.c(725): warning C4996: 'strcat': This function or variable may be unsafe. Consider using strcat_s instead. To disable deprecation, use _CRT_SECURE_NO_WARNINGS. See online help for details.
     1>g_cmds.c(808): warning C4996: 'strcat': This function or variable may be unsafe. Consider using strcat_s instead. To disable deprecation, use _CRT_SECURE_NO_WARNINGS. See online help for details.
     1>g_cmds.c(809): warning C4996: 'strcat': This function or variable may be unsafe. Consider using strcat_s instead. To disable deprecation, use _CRT_SECURE_NO_WARNINGS. See online help for details.
     1>g_cmds.c(810): warning C4996: 'strcat': This function or variable may be unsafe. Consider using strcat_s instead. To disable deprecation, use _CRT_SECURE_NO_WARNINGS. See online help for details.
     1>g_cmds.c(821): warning C4996: 'strcat': This function or variable may be unsafe. Consider using strcat_s instead. To disable deprecation, use _CRT_SECURE_NO_WARNINGS. See online help for details.
     1>g_cmds.c(828): warning C4996: 'strcat': This function or variable may be unsafe. Consider using strcat_s instead. To disable deprecation, use _CRT_SECURE_NO_WARNINGS. See online help for details.
     1>g_cmds.c(897): warning C4996: 'strcat': This function or variable may be unsafe. Consider using strcat_s instead. To disable deprecation, use _CRT_SECURE_NO_WARNINGS. See online help for details.
         g_combat.c
     1>c:\users\zethr\desktop\quake2-tutorials\game\g_local.h(875): error C2032: 'GetWeaponIndex' : function cannot be member of struct '<unnamed-tag>'
         g_func.c
     1>c:\users\zethr\desktop\quake2-tutorials\game\g_local.h(875): error C2032: 'GetWeaponIndex' : function cannot be member of struct '<unnamed-tag>'
         g_items.c
     1>c:\users\zethr\desktop\quake2-tutorials\game\g_local.h(875): error C2032: 'GetWeaponIndex' : function cannot be member of struct '<unnamed-tag>'
     1>g_items.c(43): warning C4211: nonstandard extension used : redefined extern to static
     1>g_items.c(44): warning C4211: nonstandard extension used : redefined extern to static
     1>g_items.c(45): warning C4211: nonstandard extension used : redefined extern to static
         g_main.c
     1>c:\users\zethr\desktop\quake2-tutorials\game\g_local.h(875): error C2032: 'GetWeaponIndex' : function cannot be member of struct '<unnamed-tag>'
         g_misc.c
     1>c:\users\zethr\desktop\quake2-tutorials\game\g_local.h(875): error C2032: 'GetWeaponIndex' : function cannot be member of struct '<unnamed-tag>'
         g_monster.c
     1>c:\users\zethr\desktop\quake2-tutorials\game\g_local.h(875): error C2032: 'GetWeaponIndex' : function cannot be member of struct '<unnamed-tag>'
     1>g_monster.c(539): warning C4553: '==' : operator has no effect; did you intend '='?
         g_phys.c
     1>c:\users\zethr\desktop\quake2-tutorials\game\g_local.h(875): error C2032: 'GetWeaponIndex' : function cannot be member of struct '<unnamed-tag>'
         g_save.c
     1>c:\users\zethr\desktop\quake2-tutorials\game\g_local.h(875): error C2032: 'GetWeaponIndex' : function cannot be member of struct '<unnamed-tag>'
     1>g_save.c(280): warning C4054: 'type cast' : from function pointer 'void (__cdecl *)(void)' to data pointer 'byte *'
     1>g_save.c(377): warning C4054: 'type cast' : from function pointer 'void (__cdecl *)(void)' to data pointer 'byte *'
     1>g_save.c(474): warning C4996: 'strcpy': This function or variable may be unsafe. Consider using strcpy_s instead. To disable deprecation, use _CRT_SECURE_NO_WARNINGS. See online help for details.
     1>g_save.c(644): warning C4054: 'type cast' : from function pointer 'void (__cdecl *)(void)' to data pointer 'void *'
     1>g_save.c(713): warning C4054: 'type cast' : from function pointer 'void (__cdecl *)(void)' to data pointer 'void *'
     1>g_save.c(726): warning C4127: conditional expression is constant
         g_spawn.c
     1>c:\users\zethr\desktop\quake2-tutorials\game\g_local.h(875): error C2032: 'GetWeaponIndex' : function cannot be member of struct '<unnamed-tag>'
     1>g_spawn.c(424): warning C4127: conditional expression is constant
     1>g_spawn.c(554): warning C4127: conditional expression is constant
     1>g_spawn.c(831): warning C4996: 'strcpy': This function or variable may be unsafe. Consider using strcpy_s instead. To disable deprecation, use _CRT_SECURE_NO_WARNINGS. See online help for details.
         g_svcmds.c
     1>c:\users\zethr\desktop\quake2-tutorials\game\g_local.h(875): error C2032: 'GetWeaponIndex' : function cannot be member of struct '<unnamed-tag>'
         g_target.c
     1>c:\users\zethr\desktop\quake2-tutorials\game\g_local.h(875): error C2032: 'GetWeaponIndex' : function cannot be member of struct '<unnamed-tag>'
     1>g_target.c(523): warning C4127: conditional expression is constant
     1>g_target.c(687): warning C4127: conditional expression is constant
         g_trigger.c
     1>c:\users\zethr\desktop\quake2-tutorials\game\g_local.h(875): error C2032: 'GetWeaponIndex' : function cannot be member of struct '<unnamed-tag>'
         g_turret.c
     1>c:\users\zethr\desktop\quake2-tutorials\game\g_local.h(875): error C2032: 'GetWeaponIndex' : function cannot be member of struct '<unnamed-tag>'
         g_utils.c
     1>c:\users\zethr\desktop\quake2-tutorials\game\g_local.h(875): error C2032: 'GetWeaponIndex' : function cannot be member of struct '<unnamed-tag>'
     1>g_utils.c(130): warning C4127: conditional expression is constant
     1>g_utils.c(396): warning C4996: 'strcpy': This function or variable may be unsafe. Consider using strcpy_s instead. To disable deprecation, use _CRT_SECURE_NO_WARNINGS. See online help for details.
     1>g_utils.c(553): warning C4127: conditional expression is constant
         g_weapon.c
     1>c:\users\zethr\desktop\quake2-tutorials\game\g_local.h(875): error C2032: 'GetWeaponIndex' : function cannot be member of struct '<unnamed-tag>'
     1>g_weapon.c(897): warning C4127: conditional expression is constant
         m_actor.c
     1>c:\users\zethr\desktop\quake2-tutorials\game\g_local.h(875): error C2032: 'GetWeaponIndex' : function cannot be member of struct '<unnamed-tag>'
         m_berserk.c
     1>c:\users\zethr\desktop\quake2-tutorials\game\g_local.h(875): error C2032: 'GetWeaponIndex' : function cannot be member of struct '<unnamed-tag>'
         Generating Code...
         Compiling...
         m_boss2.c
     1>c:\users\zethr\desktop\quake2-tutorials\game\g_local.h(875): error C2032: 'GetWeaponIndex' : function cannot be member of struct '<unnamed-tag>'
         m_boss3.c
     1>c:\users\zethr\desktop\quake2-tutorials\game\g_local.h(875): error C2032: 'GetWeaponIndex' : function cannot be member of struct '<unnamed-tag>'
         m_boss31.c
     1>c:\users\zethr\desktop\quake2-tutorials\game\g_local.h(875): error C2032: 'GetWeaponIndex' : function cannot be member of struct '<unnamed-tag>'
     1>m_boss31.c(31): warning C4431: missing type specifier - int assumed. Note: C no longer supports default-int
         m_boss32.c
     1>c:\users\zethr\desktop\quake2-tutorials\game\g_local.h(875): error C2032: 'GetWeaponIndex' : function cannot be member of struct '<unnamed-tag>'
         m_brain.c
     1>c:\users\zethr\desktop\quake2-tutorials\game\g_local.h(875): error C2032: 'GetWeaponIndex' : function cannot be member of struct '<unnamed-tag>'
         m_chick.c
     1>c:\users\zethr\desktop\quake2-tutorials\game\g_local.h(875): error C2032: 'GetWeaponIndex' : function cannot be member of struct '<unnamed-tag>'
         m_flipper.c
     1>c:\users\zethr\desktop\quake2-tutorials\game\g_local.h(875): error C2032: 'GetWeaponIndex' : function cannot be member of struct '<unnamed-tag>'
         m_float.c
     1>c:\users\zethr\desktop\quake2-tutorials\game\g_local.h(875): error C2032: 'GetWeaponIndex' : function cannot be member of struct '<unnamed-tag>'
         m_flyer.c
     1>c:\users\zethr\desktop\quake2-tutorials\game\g_local.h(875): error C2032: 'GetWeaponIndex' : function cannot be member of struct '<unnamed-tag>'
         m_gladiator.c
     1>c:\users\zethr\desktop\quake2-tutorials\game\g_local.h(875): error C2032: 'GetWeaponIndex' : function cannot be member of struct '<unnamed-tag>'
         m_gunner.c
     1>c:\users\zethr\desktop\quake2-tutorials\game\g_local.h(875): error C2032: 'GetWeaponIndex' : function cannot be member of struct '<unnamed-tag>'
         m_hover.c
     1>c:\users\zethr\desktop\quake2-tutorials\game\g_local.h(875): error C2032: 'GetWeaponIndex' : function cannot be member of struct '<unnamed-tag>'
         m_infantry.c
     1>c:\users\zethr\desktop\quake2-tutorials\game\g_local.h(875): error C2032: 'GetWeaponIndex' : function cannot be member of struct '<unnamed-tag>'
         m_insane.c
     1>c:\users\zethr\desktop\quake2-tutorials\game\g_local.h(875): error C2032: 'GetWeaponIndex' : function cannot be member of struct '<unnamed-tag>'
         m_medic.c
     1>c:\users\zethr\desktop\quake2-tutorials\game\g_local.h(875): error C2032: 'GetWeaponIndex' : function cannot be member of struct '<unnamed-tag>'
         m_move.c
     1>c:\users\zethr\desktop\quake2-tutorials\game\g_local.h(875): error C2032: 'GetWeaponIndex' : function cannot be member of struct '<unnamed-tag>'
         m_mutant.c
     1>c:\users\zethr\desktop\quake2-tutorials\game\g_local.h(875): error C2032: 'GetWeaponIndex' : function cannot be member of struct '<unnamed-tag>'
         m_parasite.c
     1>c:\users\zethr\desktop\quake2-tutorials\game\g_local.h(875): error C2032: 'GetWeaponIndex' : function cannot be member of struct '<unnamed-tag>'
         m_soldier.c
     1>c:\users\zethr\desktop\quake2-tutorials\game\g_local.h(875): error C2032: 'GetWeaponIndex' : function cannot be member of struct '<unnamed-tag>'
         m_supertank.c
     1>c:\users\zethr\desktop\quake2-tutorials\game\g_local.h(875): error C2032: 'GetWeaponIndex' : function cannot be member of struct '<unnamed-tag>'
         Generating Code...
         Compiling...
         m_tank.c
     1>c:\users\zethr\desktop\quake2-tutorials\game\g_local.h(875): error C2032: 'GetWeaponIndex' : function cannot be member of struct '<unnamed-tag>'
         p_client.c
     1>c:\users\zethr\desktop\quake2-tutorials\game\g_local.h(875): error C2032: 'GetWeaponIndex' : function cannot be member of struct '<unnamed-tag>'
     1>p_client.c(46): warning C4127: conditional expression is constant
     1>p_client.c(846): warning C4127: conditional expression is constant
     1>p_client.c(1374): warning C4996: 'strcpy': This function or variable may be unsafe. Consider using strcpy_s instead. To disable deprecation, use _CRT_SECURE_NO_WARNINGS. See online help for details.
         p_hud.c
     1>c:\users\zethr\desktop\quake2-tutorials\game\g_local.h(875): error C2032: 'GetWeaponIndex' : function cannot be member of struct '<unnamed-tag>'
     1>p_hud.c(234): warning C4996: 'strcpy': This function or variable may be unsafe. Consider using strcpy_s instead. To disable deprecation, use _CRT_SECURE_NO_WARNINGS. See online help for details.
     1>p_hud.c(245): warning C4996: 'strcpy': This function or variable may be unsafe. Consider using strcpy_s instead. To disable deprecation, use _CRT_SECURE_NO_WARNINGS. See online help for details.
         p_trail.c
     1>c:\users\zethr\desktop\quake2-tutorials\game\g_local.h(875): error C2032: 'GetWeaponIndex' : function cannot be member of struct '<unnamed-tag>'
         p_view.c
     1>c:\users\zethr\desktop\quake2-tutorials\game\g_local.h(875): error C2032: 'GetWeaponIndex' : function cannot be member of struct '<unnamed-tag>'
         p_weapon.c
     1>c:\users\zethr\desktop\quake2-tutorials\game\g_local.h(875): error C2032: 'GetWeaponIndex' : function cannot be member of struct '<unnamed-tag>'
         Generating Code...
     1>Done Building Project "C:\Users\zethr\Desktop\quake2-tutorials\game\game.vcxproj" (build target(s)) -- FAILED.

Build FAILED.

Time Elapsed 00:00:02.19
