C:\Users\zethr\Desktop\quake2-tutorials\.\release\quake2.exe
C:\Users\zethr\Desktop\quake2-tutorials\.\release\quake2.exe.intermediate.manifest
C:\USERS\ZETHR\DESKTOP\QUAKE2-TUTORIALS\RELEASE\CD_WIN.OBJ
C:\Users\zethr\Desktop\quake2-tutorials\release\cl.command.1.tlog
C:\Users\zethr\Desktop\quake2-tutorials\release\CL.read.1.tlog
C:\Users\zethr\Desktop\quake2-tutorials\release\CL.write.1.tlog
C:\USERS\ZETHR\DESKTOP\QUAKE2-TUTORIALS\RELEASE\CL_CIN.OBJ
C:\USERS\ZETHR\DESKTOP\QUAKE2-TUTORIALS\RELEASE\CL_ENTS.OBJ
C:\USERS\ZETHR\DESKTOP\QUAKE2-TUTORIALS\RELEASE\CL_FX.OBJ
C:\USERS\ZETHR\DESKTOP\QUAKE2-TUTORIALS\RELEASE\CL_INPUT.OBJ
C:\USERS\ZETHR\DESKTOP\QUAKE2-TUTORIALS\RELEASE\CL_INV.OBJ
C:\USERS\ZETHR\DESKTOP\QUAKE2-TUTORIALS\RELEASE\CL_MAIN.OBJ
C:\USERS\ZETHR\DESKTOP\QUAKE2-TUTORIALS\RELEASE\CL_NEWFX.OBJ
C:\USERS\ZETHR\DESKTOP\QUAKE2-TUTORIALS\RELEASE\CL_PARSE.OBJ
C:\USERS\ZETHR\DESKTOP\QUAKE2-TUTORIALS\RELEASE\CL_PRED.OBJ
C:\USERS\ZETHR\DESKTOP\QUAKE2-TUTORIALS\RELEASE\CL_SCRN.OBJ
C:\USERS\ZETHR\DESKTOP\QUAKE2-TUTORIALS\RELEASE\CL_TENT.OBJ
C:\USERS\ZETHR\DESKTOP\QUAKE2-TUTORIALS\RELEASE\CL_VIEW.OBJ
C:\USERS\ZETHR\DESKTOP\QUAKE2-TUTORIALS\RELEASE\CMD.OBJ
C:\USERS\ZETHR\DESKTOP\QUAKE2-TUTORIALS\RELEASE\CMODEL.OBJ
C:\USERS\ZETHR\DESKTOP\QUAKE2-TUTORIALS\RELEASE\COMMON.OBJ
C:\USERS\ZETHR\DESKTOP\QUAKE2-TUTORIALS\RELEASE\CONPROC.OBJ
C:\USERS\ZETHR\DESKTOP\QUAKE2-TUTORIALS\RELEASE\CONSOLE.OBJ
C:\USERS\ZETHR\DESKTOP\QUAKE2-TUTORIALS\RELEASE\CRC.OBJ
C:\USERS\ZETHR\DESKTOP\QUAKE2-TUTORIALS\RELEASE\CVAR.OBJ
C:\USERS\ZETHR\DESKTOP\QUAKE2-TUTORIALS\RELEASE\FILES.OBJ
C:\USERS\ZETHR\DESKTOP\QUAKE2-TUTORIALS\RELEASE\IN_WIN.OBJ
C:\USERS\ZETHR\DESKTOP\QUAKE2-TUTORIALS\RELEASE\KEYS.OBJ
C:\Users\zethr\Desktop\quake2-tutorials\release\link.command.1.tlog
C:\Users\zethr\Desktop\quake2-tutorials\release\link.read.1.tlog
C:\Users\zethr\Desktop\quake2-tutorials\release\link.write.1.tlog
C:\Users\zethr\Desktop\quake2-tutorials\release\link-cvtres.read.1.tlog
C:\Users\zethr\Desktop\quake2-tutorials\release\link-cvtres.write.1.tlog
C:\USERS\ZETHR\DESKTOP\QUAKE2-TUTORIALS\RELEASE\M_FLASH.OBJ
C:\USERS\ZETHR\DESKTOP\QUAKE2-TUTORIALS\RELEASE\MD4.OBJ
C:\USERS\ZETHR\DESKTOP\QUAKE2-TUTORIALS\RELEASE\MENU.OBJ
C:\Users\zethr\Desktop\quake2-tutorials\release\mt.command.1.tlog
C:\Users\zethr\Desktop\quake2-tutorials\release\mt.read.1.tlog
C:\Users\zethr\Desktop\quake2-tutorials\release\mt.write.1.tlog
C:\USERS\ZETHR\DESKTOP\QUAKE2-TUTORIALS\RELEASE\NET_CHAN.OBJ
C:\USERS\ZETHR\DESKTOP\QUAKE2-TUTORIALS\RELEASE\NET_WINS.OBJ
C:\USERS\ZETHR\DESKTOP\QUAKE2-TUTORIALS\RELEASE\PMOVE.OBJ
C:\USERS\ZETHR\DESKTOP\QUAKE2-TUTORIALS\RELEASE\Q_SHARED.OBJ
C:\USERS\ZETHR\DESKTOP\QUAKE2-TUTORIALS\RELEASE\Q_SHWIN.OBJ
C:\USERS\ZETHR\DESKTOP\QUAKE2-TUTORIALS\RELEASE\Q2.RES
C:\USERS\ZETHR\DESKTOP\QUAKE2-TUTORIALS\RELEASE\QMENU.OBJ
C:\USERS\ZETHR\DESKTOP\QUAKE2-TUTORIALS\RELEASE\QUAKE2.EXE
C:\USERS\ZETHR\DESKTOP\QUAKE2-TUTORIALS\RELEASE\QUAKE2.EXE.INTERMEDIATE.MANIFEST
C:\Users\zethr\Desktop\quake2-tutorials\release\quake2.write.1.tlog
C:\Users\zethr\Desktop\quake2-tutorials\release\rc.command.1.tlog
C:\Users\zethr\Desktop\quake2-tutorials\release\rc.read.1.tlog
C:\Users\zethr\Desktop\quake2-tutorials\release\rc.write.1.tlog
C:\USERS\ZETHR\DESKTOP\QUAKE2-TUTORIALS\RELEASE\SND_DMA.OBJ
C:\USERS\ZETHR\DESKTOP\QUAKE2-TUTORIALS\RELEASE\SND_MEM.OBJ
C:\USERS\ZETHR\DESKTOP\QUAKE2-TUTORIALS\RELEASE\SND_MIX.OBJ
C:\USERS\ZETHR\DESKTOP\QUAKE2-TUTORIALS\RELEASE\SND_WIN.OBJ
C:\USERS\ZETHR\DESKTOP\QUAKE2-TUTORIALS\RELEASE\SV_CCMDS.OBJ
C:\USERS\ZETHR\DESKTOP\QUAKE2-TUTORIALS\RELEASE\SV_ENTS.OBJ
C:\USERS\ZETHR\DESKTOP\QUAKE2-TUTORIALS\RELEASE\SV_GAME.OBJ
C:\USERS\ZETHR\DESKTOP\QUAKE2-TUTORIALS\RELEASE\SV_INIT.OBJ
C:\USERS\ZETHR\DESKTOP\QUAKE2-TUTORIALS\RELEASE\SV_MAIN.OBJ
C:\USERS\ZETHR\DESKTOP\QUAKE2-TUTORIALS\RELEASE\SV_SEND.OBJ
C:\USERS\ZETHR\DESKTOP\QUAKE2-TUTORIALS\RELEASE\SV_USER.OBJ
C:\USERS\ZETHR\DESKTOP\QUAKE2-TUTORIALS\RELEASE\SV_WORLD.OBJ
C:\USERS\ZETHR\DESKTOP\QUAKE2-TUTORIALS\RELEASE\SYS_WIN.OBJ
C:\USERS\ZETHR\DESKTOP\QUAKE2-TUTORIALS\RELEASE\VID_DLL.OBJ
C:\USERS\ZETHR\DESKTOP\QUAKE2-TUTORIALS\RELEASE\VID_MENU.OBJ
C:\USERS\ZETHR\DESKTOP\QUAKE2-TUTORIALS\RELEASE\X86.OBJ
